<?xml version="1.0" encoding="UTF-8"?>
<!-- Generated by org.testng.reporters.JUnitReportReporter -->
<testsuite hostname="QT-INNO-LT1448" failures="0" tests="1" name="cucumber.runners.HookTestRunner" time="5.430" errors="0" timestamp="2024-05-02T12:54:23 IST" skipped="0">
  <testcase classname="cucumber.runners.HookTestRunner" name="runScenario" time="5.430"/>
</testsuite> <!-- cucumber.runners.HookTestRunner -->
