<?xml version="1.0" encoding="UTF-8"?>
<!-- Generated by org.testng.reporters.JUnitReportReporter -->
<testsuite hostname="QT-INNO-LT1448" failures="0" tests="1" name="cucumber.runners.TestRunner" time="8.946" errors="0" timestamp="2024-04-30T10:19:59 IST" skipped="0">
  <testcase classname="cucumber.runners.TestRunner" name="runScenario" time="8.946"/>
</testsuite> <!-- cucumber.runners.TestRunner -->
