<?xml version="1.0" encoding="UTF-8"?>
<!-- Generated by org.testng.reporters.JUnitReportReporter -->
<testsuite hostname="QT-INNO-LT1448" failures="0" tests="1" name="test.ActionsPractice" time="9.624" errors="0" timestamp="2024-04-30T10:13:51 IST" skipped="0">
  <testcase classname="test.ActionsPractice" name="actionTest" time="9.624"/>
</testsuite> <!-- test.ActionsPractice -->
