<?xml version="1.0" encoding="UTF-8"?>
<!-- Generated by org.testng.reporters.JUnitReportReporter -->
<testsuite hostname="QT-INNO-LT1448" failures="0" tests="1" name="test.TableData" time="13.585" errors="0" timestamp="2024-04-21T14:00:04 IST" skipped="0">
  <testcase classname="test.TableData" name="TableDataTest" time="13.585"/>
</testsuite> <!-- test.TableData -->
