<?xml version="1.0" encoding="UTF-8"?>
<!-- Generated by org.testng.reporters.JUnitReportReporter -->
<testsuite hostname="QT-INNO-LT1448" failures="0" tests="2" name="test.DynamicDropDown" time="35.118" errors="0" timestamp="2024-04-21T14:00:04 IST" skipped="0">
  <testcase classname="test.DynamicDropDown" name="Test1" time="22.105"/>
  <testcase classname="test.DynamicDropDown" name="Test2" time="13.013"/>
</testsuite> <!-- test.DynamicDropDown -->
