<?xml version="1.0" encoding="UTF-8"?>
<!-- Generated by org.testng.reporters.JUnitReportReporter -->
<testsuite hostname="QT-INNO-LT1448" failures="0" tests="1" name="test.Assignment4" time="8.546" errors="0" timestamp="2024-04-21T14:00:04 IST" skipped="0">
  <testcase classname="test.Assignment4" name="AssignmentFour" time="8.546"/>
</testsuite> <!-- test.Assignment4 -->
