<?xml version="1.0" encoding="UTF-8"?>
<!-- Generated by org.testng.reporters.JUnitReportReporter -->
<testsuite hostname="QT-INNO-LT1448" failures="0" tests="1" name="test.SelectorsPractice" time="6.995" errors="0" timestamp="2024-04-21T15:20:57 IST" skipped="0">
  <testcase classname="test.SelectorsPractice" name="SelectorsPracticeTest" time="6.995"/>
</testsuite> <!-- test.SelectorsPractice -->
