<?xml version="1.0" encoding="UTF-8"?>
<!-- Generated by org.testng.reporters.JUnitReportReporter -->
<testsuite hostname="QT-INNO-LT1448" failures="0" tests="1" name="test.StreamTest" time="0.011" errors="0" timestamp="2024-04-25T15:12:52 IST" skipped="0">
  <testcase classname="test.StreamTest" name="testMethod" time="0.011"/>
</testsuite> <!-- test.StreamTest -->
