<?xml version="1.0" encoding="UTF-8"?>
<!-- Generated by org.testng.reporters.JUnitReportReporter -->
<testsuite hostname="QT-INNO-LT1448" failures="0" tests="1" name="test.SRKTest" time="12.925" errors="0" timestamp="2024-04-21T14:00:04 IST" skipped="0">
  <testcase classname="test.SRKTest" name="SRKTestOne" time="12.925"/>
</testsuite> <!-- test.SRKTest -->
