<?xml version="1.0" encoding="UTF-8"?>
<!-- Generated by org.testng.reporters.JUnitReportReporter -->
<testsuite hostname="QT-INNO-LT1448" failures="0" tests="1" name="test.JSAlertBox" time="12.837" errors="0" timestamp="2024-04-21T14:00:04 IST" skipped="0">
  <testcase classname="test.JSAlertBox" name="JSAlertBoxTest" time="12.837"/>
</testsuite> <!-- test.JSAlertBox -->
