<?xml version="1.0" encoding="UTF-8"?>
<!-- Generated by org.testng.reporters.JUnitReportReporter -->
<testsuite hostname="QT-INNO-LT1448" failures="0" tests="1" name="test.JSConfirmBox" time="13.189" errors="0" timestamp="2024-04-21T14:00:04 IST" skipped="0">
  <testcase classname="test.JSConfirmBox" name="JSConfirmBoxTest" time="13.189"/>
</testsuite> <!-- test.JSConfirmBox -->
