<?xml version="1.0" encoding="UTF-8"?>
<!-- Generated by org.testng.reporters.JUnitReportReporter -->
<testsuite hostname="QT-INNO-LT1448" failures="0" tests="3" name="test.TestNGDataProvider" time="0.021" errors="0" timestamp="2024-05-08T10:24:48 IST" skipped="0">
  <testcase classname="test.TestNGDataProvider" name="test1" time="0.011"/>
  <testcase classname="test.TestNGDataProvider" name="test1" time="0.003"/>
  <testcase classname="test.TestNGDataProvider" name="test1" time="0.007"/>
</testsuite> <!-- test.TestNGDataProvider -->
