<?xml version="1.0" encoding="UTF-8"?>
<!-- Generated by org.testng.reporters.JUnitReportReporter -->
<testsuite hostname="Shiv-PC" failures="0" tests="1" name="test.Assignment2" time="20.072" errors="0" timestamp="2024-05-09T22:21:18 IST" skipped="0">
  <testcase classname="test.Assignment2" name="assignmentTwo" time="20.072"/>
  <system-out/>
</testsuite> <!-- test.Assignment2 -->
