<?xml version="1.0" encoding="UTF-8"?>
<!-- Generated by org.testng.reporters.JUnitReportReporter -->
<testsuite hostname="QT-INNO-LT1448" failures="0" tests="1" name="test.Assignment8" time="14.466" errors="0" timestamp="2024-04-21T14:00:04 IST" skipped="0">
  <testcase classname="test.Assignment8" name="AssignmentEight" time="14.466"/>
</testsuite> <!-- test.Assignment8 -->
