<?xml version="1.0" encoding="UTF-8"?>
<!-- Generated by org.testng.reporters.JUnitReportReporter -->
<testsuite hostname="QT-INNO-LT1448" failures="0" tests="1" name="cucumber.runners.TestRunner" time="2.382" errors="0" timestamp="2024-04-29T10:47:07 IST" skipped="0">
  <testcase classname="cucumber.runners.TestRunner" name="runScenario" time="2.382"/>
</testsuite> <!-- cucumber.runners.TestRunner -->
